<?xml version="1.0" encoding="UTF-8"?>
<testng-results total="1" passed="1" failed="0" skipped="0">
  <reporter-output>
    <line>
      <![CDATA[ Application opened]]>
    </line>
    <line>
      <![CDATA[ Title not matched]]>
    </line>
    <line>
      <![CDATA[OrangeHRM - New Level of HR Management]]>
    </line>
    <line>
      <![CDATA[ Login Completed ]]>
    </line>
    <line>
      <![CDATA[Title matched ]]>
    </line>
    <line>
      <![CDATA[Logout completed ]]>
    </line>
    <line>
      <![CDATA[Application closed ]]>
    </line>
  </reporter-output>
  <suite started-at="2023-02-04T10:54:13Z" name="Default suite" finished-at="2023-02-04T10:54:20Z" duration-ms="6717">
    <groups>
    </groups>
    <test started-at="2023-02-04T10:54:13Z" name="Default test" finished-at="2023-02-04T10:54:20Z" duration-ms="6717">
      <class name="com.hrms.testscripts.TC001">
        <test-method signature="tc001()[pri:0, instance:com.hrms.testscripts.TC001@6caf0677]" started-at="2023-02-04T16:24:13Z" name="tc001" finished-at="2023-02-04T16:24:20Z" duration-ms="6688" status="PASS">
          <reporter-output>
            <line>
              <![CDATA[ Application opened]]>
            </line>
            <line>
              <![CDATA[ Title not matched]]>
            </line>
            <line>
              <![CDATA[OrangeHRM - New Level of HR Management]]>
            </line>
            <line>
              <![CDATA[ Login Completed ]]>
            </line>
            <line>
              <![CDATA[Title matched ]]>
            </line>
            <line>
              <![CDATA[Logout completed ]]>
            </line>
            <line>
              <![CDATA[Application closed ]]>
            </line>
          </reporter-output>
        </test-method> <!-- tc001 -->
      </class> <!-- com.hrms.testscripts.TC001 -->
    </test> <!-- Default test -->
  </suite> <!-- Default suite -->
</testng-results>
